<?xml version="1.0" encoding="UTF-8"?>
<testng-results ignored="0" total="1" passed="1" failed="0" skipped="0">
  <reporter-output>
  </reporter-output>
  <suite started-at="2024-03-13T15:18:28 IST" name="Default suite" finished-at="2024-03-13T15:20:03 IST" duration-ms="94833">
    <groups>
    </groups>
    <test started-at="2024-03-13T15:18:28 IST" name="Default test" finished-at="2024-03-13T15:20:03 IST" duration-ms="94833">
      <class name="com.crm.qa.testcases.AddCommandPageTest">
        <test-method is-config="true" signature="setUp()[pri:0, instance:com.crm.qa.testcases.AddCommandPageTest@273e7444]" started-at="2024-03-13T15:18:28 IST" name="setUp" finished-at="2024-03-13T15:19:42 IST" duration-ms="74235" status="PASS">
          <reporter-output>
          </reporter-output>
        </test-method> <!-- setUp -->
        <test-method signature="uploadFileTest()[pri:0, instance:com.crm.qa.testcases.AddCommandPageTest@273e7444]" started-at="2024-03-13T15:19:42 IST" name="uploadFileTest" finished-at="2024-03-13T15:20:02 IST" duration-ms="20329" status="PASS">
          <reporter-output>
          </reporter-output>
        </test-method> <!-- uploadFileTest -->
        <test-method is-config="true" signature="tearDown()[pri:0, instance:com.crm.qa.testcases.AddCommandPageTest@273e7444]" started-at="2024-03-13T15:20:02 IST" name="tearDown" finished-at="2024-03-13T15:20:03 IST" duration-ms="246" status="PASS">
          <reporter-output>
          </reporter-output>
        </test-method> <!-- tearDown -->
      </class> <!-- com.crm.qa.testcases.AddCommandPageTest -->
    </test> <!-- Default test -->
  </suite> <!-- Default suite -->
</testng-results>
