<?xml version="1.0" encoding="UTF-8"?>
<!-- Generated by org.testng.reporters.JUnitXMLReporter -->
<testsuite ignored="0" hostname="NO-002-QA" failures="0" tests="3" name="Default test" time="118.268" errors="0" timestamp="2024-02-15T16:32:29 IST">
  <testcase classname="com.crm.qa.testcases.HomePageTest" name="homePageTitleTest" time="8.063"/>
  <testcase classname="com.crm.qa.testcases.HomePageTest" name="verifyImageLogoTest" time="8.112"/>
  <testcase classname="com.crm.qa.testcases.HomePageTest" name="clickMyAssignmentsLinkTest" time="4.147"/>
</testsuite> <!-- Default test -->
